###############################################################################
#
# IAR C/C++ Compiler V7.10.6.1378 for Atmel AVR           13/Apr/2022  19:24:08
# Copyright 1996-2018 IAR Systems AB.
#
#    Source file  =  D:\Projects\CautoProjects\Mvsn21\Mvsn21\src\DataBase.cpp
#    Command line =  
#        -f C:\Users\ghost\AppData\Local\Temp\EW7F0F.tmp
#        (--string_literals_in_flash
#        D:\Projects\CautoProjects\Mvsn21\Mvsn21\src\DataBase.cpp --cpu=m48 -ms
#        -o D:\Projects\CautoProjects\Mvsn21\Mvsn21\Debug\Obj -lCN
#        D:\Projects\CautoProjects\Mvsn21\Mvsn21\Debug\List
#        --initializers_in_flash --root_variables --no_cse --no_inline
#        --no_code_motion --no_cross_call --no_clustering --no_tbaa --debug
#        -DENABLE_BIT_DEFINITIONS -e -I
#        D:\Projects\CautoProjects\Mvsn21\Mvsn21\include\ --eeprom_size 256
#        --dlib --dlib_config "C:\Program Files (x86)\IAR Systems\Embedded
#        Workbench 8.0\avr\LIB\DLIB\dlAVR-1s-ec_mul-n.h" -On --eec++)
#    Locale       =  Russian_RUS.1251
#    List file    =  
#        D:\Projects\CautoProjects\Mvsn21\Mvsn21\Debug\List\DataBase.lst
#    Object file  =  
#        D:\Projects\CautoProjects\Mvsn21\Mvsn21\Debug\Obj\DataBase.r90
#
###############################################################################

D:\Projects\CautoProjects\Mvsn21\Mvsn21\src\DataBase.cpp
      1          #include "DataBase.h"
      2          
      3          //-----------------------------------------------------------------------------------------------------

   \                                 In  segment CODE, align 2, keep-with-next
      4          CDataBase::CDataBase()
   \                     ??CDataBase:
      5          {
   \   00000000   ....               LDI     R18, LOW(??__vtbl)
   \   00000002   ....               LDI     R19, (??__vtbl) >> 8
   \   00000004   01F8               MOVW    R31:R30, R17:R16
   \   00000006   8320               ST      Z, R18
   \   00000008   8331               STD     Z+1, R19
      6              //ctor
      7          }
   \   0000000A   9508               RET
      8          
      9          //-----------------------------------------------------------------------------------------------------

   \                                 In  segment CODE, align 2, keep-with-next
     10          CDataBase::~CDataBase()
   \                     `?~CDataBase`:
     11          {
   \   00000000   ....               RCALL   ?PROLOGUE2_L09
   \   00000002   01C8               MOVW    R25:R24, R17:R16
   \   00000004   2F08               MOV     R16, R24
   \   00000006   2B09               OR      R16, R25
   \   00000008   F021               BREQ    `?~CDataBase_1`
   \   0000000A   FB20               BST     R18, 0
   \   0000000C   F416               BRTC    `?~CDataBase_1`
     12              //dtor
     13          }
   \   0000000E   018C               MOVW    R17:R16, R25:R24
   \   00000010   ....               RCALL   `??operator delete`
   \                     `?~CDataBase_1`:
   \   00000012   E0E2               LDI     R30, 2
   \   00000014   ....               RJMP    ?EPILOGUE_B2_L09

   \                                 In  segment CODE, align 2, keep-with-next
   \   __version_3 CDataBase &CDataBase::new CDataBase()
   \                     `??new CDataBase`:
   \   00000000   E002               LDI     R16, 2
   \   00000002   E010               LDI     R17, 0
   \   00000004   ....               RCALL   `??operator new`
   \   00000006   2F20               MOV     R18, R16
   \   00000008   2B21               OR      R18, R17
   \   0000000A   F011               BREQ    `??new CDataBase_1`
   \   0000000C   ....               RCALL   ??CDataBase
   \   0000000E   9508               RET
   \                     `??new CDataBase_1`:
   \   00000010   E000               LDI     R16, 0
   \   00000012   E010               LDI     R17, 0
   \   00000014   9508               RET
     14          
     15          //-----------------------------------------------------------------------------------------------------

   Maximum stack usage in bytes:

   CSTACK RSTACK Function
   ------ ------ --------
      0      2   CDataBase::CDataBase()
      0      2   CDataBase::new CDataBase()
        0      2   -> CDataBase::CDataBase()
        0      2   -> operator new(unsigned int)
      2      2   CDataBase::~CDataBase()
        2      2   -> operator delete(void *)


   Segment part sizes:

   Bytes  Function/Label
   -----  --------------
      12  CDataBase::CDataBase()
      22  CDataBase::new CDataBase()
      22  CDataBase::~CDataBase()
       2  -- Other

 
 56 bytes in segment CODE
  2 bytes in segment NEAR_F
 
 56 bytes of CODE memory (+ 2 bytes shared)

Errors: none
Warnings: none
