###############################################################################
#
# IAR C/C++ Compiler V7.10.6.1378 for Atmel AVR           13/Apr/2022  19:24:08
# Copyright 1996-2018 IAR Systems AB.
#
#    Source file  =  D:\Projects\CautoProjects\Mvsn21\Mvsn21\src\Driver.cpp
#    Command line =  
#        -f C:\Users\ghost\AppData\Local\Temp\EW7F8D.tmp
#        (--string_literals_in_flash
#        D:\Projects\CautoProjects\Mvsn21\Mvsn21\src\Driver.cpp --cpu=m48 -ms
#        -o D:\Projects\CautoProjects\Mvsn21\Mvsn21\Debug\Obj -lCN
#        D:\Projects\CautoProjects\Mvsn21\Mvsn21\Debug\List
#        --initializers_in_flash --root_variables --no_cse --no_inline
#        --no_code_motion --no_cross_call --no_clustering --no_tbaa --debug
#        -DENABLE_BIT_DEFINITIONS -e -I
#        D:\Projects\CautoProjects\Mvsn21\Mvsn21\include\ --eeprom_size 256
#        --dlib --dlib_config "C:\Program Files (x86)\IAR Systems\Embedded
#        Workbench 8.0\avr\LIB\DLIB\dlAVR-1s-ec_mul-n.h" -On --eec++)
#    Locale       =  Russian_RUS.1251
#    List file    =  
#        D:\Projects\CautoProjects\Mvsn21\Mvsn21\Debug\List\Driver.lst
#    Object file  =  
#        D:\Projects\CautoProjects\Mvsn21\Mvsn21\Debug\Obj\Driver.r90
#
###############################################################################

D:\Projects\CautoProjects\Mvsn21\Mvsn21\src\Driver.cpp
      1          //-----------------------------------------------------------------------------------------------------
      2          //  Source      : FileName.cpp
      3          //  Created     : 01.06.2022
      4          //  Author      : Alexandr Volvenkin
      5          //  email       : aav-36@mail.ru
      6          //  GitHub      : https://github.com/AlexandrVolvenkin
      7          //-----------------------------------------------------------------------------------------------------
      8          #include "Driver.h"
      9          
     10          ////-----------------------------------------------------------------------------------------------------
     11          //CDriver::CDriver(uint8_t uiType)
     12          //{
     13          //
     14          //}
     15          //
     16          ////-----------------------------------------------------------------------------------------------------
     17          //CDriver::~CDriver()
     18          //{
     19          //
     20          //}


 

 


Errors: none
Warnings: none
