###############################################################################
#
# IAR C/C++ Compiler V7.10.6.1378 for Atmel AVR           13/Apr/2022  19:24:09
# Copyright 1996-2018 IAR Systems AB.
#
#    Source file  =  
#        D:\Projects\CautoProjects\Mvsn21\Mvsn21\src\MeasurementChannel.cpp
#    Command line =  
#        -f C:\Users\ghost\AppData\Local\Temp\EW80A8.tmp
#        (--string_literals_in_flash
#        D:\Projects\CautoProjects\Mvsn21\Mvsn21\src\MeasurementChannel.cpp
#        --cpu=m48 -ms -o D:\Projects\CautoProjects\Mvsn21\Mvsn21\Debug\Obj
#        -lCN D:\Projects\CautoProjects\Mvsn21\Mvsn21\Debug\List
#        --initializers_in_flash --root_variables --no_cse --no_inline
#        --no_code_motion --no_cross_call --no_clustering --no_tbaa --debug
#        -DENABLE_BIT_DEFINITIONS -e -I
#        D:\Projects\CautoProjects\Mvsn21\Mvsn21\include\ --eeprom_size 256
#        --dlib --dlib_config "C:\Program Files (x86)\IAR Systems\Embedded
#        Workbench 8.0\avr\LIB\DLIB\dlAVR-1s-ec_mul-n.h" -On --eec++)
#    Locale       =  Russian_RUS.1251
#    List file    =  
#        D:\Projects\CautoProjects\Mvsn21\Mvsn21\Debug\List\MeasurementChannel.lst
#    Object file  =  
#        D:\Projects\CautoProjects\Mvsn21\Mvsn21\Debug\Obj\MeasurementChannel.r90
#
###############################################################################

D:\Projects\CautoProjects\Mvsn21\Mvsn21\src\MeasurementChannel.cpp
      1          //-----------------------------------------------------------------------------------------------------
      2          //  Source      : FileName.cpp
      3          //  Created     : 01.06.2022
      4          //  Author      : Alexandr Volvenkin
      5          //  email       : aav-36@mail.ru
      6          //  GitHub      : https://github.com/AlexandrVolvenkin
      7          //-----------------------------------------------------------------------------------------------------
      8          #include "MeasurementChannel.h"
      9          #include "Platform.h"

   \                                 In  segment ABSOLUTE, at 0xc6, root
   \   union <unnamed> volatile __io _A_UDR0
   \                     _A_UDR0:
   \   00000000                      DS8 1

   \                                 In  segment ABSOLUTE, at 0xc4, root
   \   union <unnamed> volatile __io _A_UBRR0
   \                     _A_UBRR0:
   \   00000000                      DS8 2

   \                                 In  segment ABSOLUTE, at 0xc2, root
   \   union <unnamed> volatile __io _A_UCSR0C
   \                     _A_UCSR0C:
   \   00000000                      DS8 1

   \                                 In  segment ABSOLUTE, at 0xc1, root
   \   union <unnamed> volatile __io _A_UCSR0B
   \                     _A_UCSR0B:
   \   00000000                      DS8 1

   \                                 In  segment ABSOLUTE, at 0xc0, root
   \   union <unnamed> volatile __io _A_UCSR0A
   \                     _A_UCSR0A:
   \   00000000                      DS8 1

   \                                 In  segment ABSOLUTE, at 0xbd, root
   \   union <unnamed> volatile __io _A_TWAMR
   \                     _A_TWAMR:
   \   00000000                      DS8 1

   \                                 In  segment ABSOLUTE, at 0xbc, root
   \   union <unnamed> volatile __io _A_TWCR
   \                     _A_TWCR:
   \   00000000                      DS8 1

   \                                 In  segment ABSOLUTE, at 0xbb, root
   \   union <unnamed> volatile __io _A_TWDR
   \                     _A_TWDR:
   \   00000000                      DS8 1

   \                                 In  segment ABSOLUTE, at 0xba, root
   \   union <unnamed> volatile __io _A_TWAR
   \                     _A_TWAR:
   \   00000000                      DS8 1

   \                                 In  segment ABSOLUTE, at 0xb9, root
   \   union <unnamed> volatile __io _A_TWSR
   \                     _A_TWSR:
   \   00000000                      DS8 1

   \                                 In  segment ABSOLUTE, at 0xb8, root
   \   union <unnamed> volatile __io _A_TWBR
   \                     _A_TWBR:
   \   00000000                      DS8 1

   \                                 In  segment ABSOLUTE, at 0xb6, root
   \   union <unnamed> volatile __io _A_ASSR
   \                     _A_ASSR:
   \   00000000                      DS8 1

   \                                 In  segment ABSOLUTE, at 0xb4, root
   \   union <unnamed> volatile __io _A_OCR2B
   \                     _A_OCR2B:
   \   00000000                      DS8 1

   \                                 In  segment ABSOLUTE, at 0xb3, root
   \   union <unnamed> volatile __io _A_OCR2A
   \                     _A_OCR2A:
   \   00000000                      DS8 1

   \                                 In  segment ABSOLUTE, at 0xb2, root
   \   union <unnamed> volatile __io _A_TCNT2
   \                     _A_TCNT2:
   \   00000000                      DS8 1

   \                                 In  segment ABSOLUTE, at 0xb1, root
   \   union <unnamed> volatile __io _A_TCCR2B
   \                     _A_TCCR2B:
   \   00000000                      DS8 1

   \                                 In  segment ABSOLUTE, at 0xb0, root
   \   union <unnamed> volatile __io _A_TCCR2A
   \                     _A_TCCR2A:
   \   00000000                      DS8 1

   \                                 In  segment ABSOLUTE, at 0x8a, root
   \   union <unnamed> volatile __io _A_OCR1B
   \                     _A_OCR1B:
   \   00000000                      DS8 2

   \                                 In  segment ABSOLUTE, at 0x88, root
   \   union <unnamed> volatile __io _A_OCR1A
   \                     _A_OCR1A:
   \   00000000                      DS8 2

   \                                 In  segment ABSOLUTE, at 0x86, root
   \   union <unnamed> volatile __io _A_ICR1
   \                     _A_ICR1:
   \   00000000                      DS8 2

   \                                 In  segment ABSOLUTE, at 0x84, root
   \   union <unnamed> volatile __io _A_TCNT1
   \                     _A_TCNT1:
   \   00000000                      DS8 2

   \                                 In  segment ABSOLUTE, at 0x82, root
   \   union <unnamed> volatile __io _A_TCCR1C
   \                     _A_TCCR1C:
   \   00000000                      DS8 1

   \                                 In  segment ABSOLUTE, at 0x81, root
   \   union <unnamed> volatile __io _A_TCCR1B
   \                     _A_TCCR1B:
   \   00000000                      DS8 1

   \                                 In  segment ABSOLUTE, at 0x80, root
   \   union <unnamed> volatile __io _A_TCCR1A
   \                     _A_TCCR1A:
   \   00000000                      DS8 1

   \                                 In  segment ABSOLUTE, at 0x7f, root
   \   union <unnamed> volatile __io _A_DIDR1
   \                     _A_DIDR1:
   \   00000000                      DS8 1

   \                                 In  segment ABSOLUTE, at 0x7e, root
   \   union <unnamed> volatile __io _A_DIDR0
   \                     _A_DIDR0:
   \   00000000                      DS8 1

   \                                 In  segment ABSOLUTE, at 0x7c, root
   \   union <unnamed> volatile __io _A_ADMUX
   \                     _A_ADMUX:
   \   00000000                      DS8 1

   \                                 In  segment ABSOLUTE, at 0x7b, root
   \   union <unnamed> volatile __io _A_ADCSRB
   \                     _A_ADCSRB:
   \   00000000                      DS8 1

   \                                 In  segment ABSOLUTE, at 0x7a, root
   \   union <unnamed> volatile __io _A_ADCSRA
   \                     _A_ADCSRA:
   \   00000000                      DS8 1

   \                                 In  segment ABSOLUTE, at 0x78, root
   \   union <unnamed> volatile __io _A_ADC
   \                     _A_ADC:
   \   00000000                      DS8 2

   \                                 In  segment ABSOLUTE, at 0x70, root
   \   union <unnamed> volatile __io _A_TIMSK2
   \                     _A_TIMSK2:
   \   00000000                      DS8 1

   \                                 In  segment ABSOLUTE, at 0x6f, root
   \   union <unnamed> volatile __io _A_TIMSK1
   \                     _A_TIMSK1:
   \   00000000                      DS8 1

   \                                 In  segment ABSOLUTE, at 0x6e, root
   \   union <unnamed> volatile __io _A_TIMSK0
   \                     _A_TIMSK0:
   \   00000000                      DS8 1

   \                                 In  segment ABSOLUTE, at 0x6d, root
   \   union <unnamed> volatile __io _A_PCMSK2
   \                     _A_PCMSK2:
   \   00000000                      DS8 1

   \                                 In  segment ABSOLUTE, at 0x6c, root
   \   union <unnamed> volatile __io _A_PCMSK1
   \                     _A_PCMSK1:
   \   00000000                      DS8 1

   \                                 In  segment ABSOLUTE, at 0x6b, root
   \   union <unnamed> volatile __io _A_PCMSK0
   \                     _A_PCMSK0:
   \   00000000                      DS8 1

   \                                 In  segment ABSOLUTE, at 0x69, root
   \   union <unnamed> volatile __io _A_EICRA
   \                     _A_EICRA:
   \   00000000                      DS8 1

   \                                 In  segment ABSOLUTE, at 0x68, root
   \   union <unnamed> volatile __io _A_PCICR
   \                     _A_PCICR:
   \   00000000                      DS8 1

   \                                 In  segment ABSOLUTE, at 0x66, root
   \   union <unnamed> volatile __io _A_OSCCAL
   \                     _A_OSCCAL:
   \   00000000                      DS8 1

   \                                 In  segment ABSOLUTE, at 0x64, root
   \   union <unnamed> volatile __io _A_PRR
   \                     _A_PRR:
   \   00000000                      DS8 1

   \                                 In  segment ABSOLUTE, at 0x61, root
   \   union <unnamed> volatile __io _A_CLKPR
   \                     _A_CLKPR:
   \   00000000                      DS8 1

   \                                 In  segment ABSOLUTE, at 0x60, root
   \   union <unnamed> volatile __io _A_WDTCSR
   \                     _A_WDTCSR:
   \   00000000                      DS8 1

   \                                 In  segment ABSOLUTE, at 0x5f, root
   \   union <unnamed> volatile __io _A_SREG
   \                     _A_SREG:
   \   00000000                      DS8 1

   \                                 In  segment ABSOLUTE, at 0x5d, root
   \   union <unnamed> volatile __io _A_SP
   \                     _A_SP:
   \   00000000                      DS8 2

   \                                 In  segment ABSOLUTE, at 0x57, root
   \   union <unnamed> volatile __io _A_SPMCSR
   \                     _A_SPMCSR:
   \   00000000                      DS8 1

   \                                 In  segment ABSOLUTE, at 0x55, root
   \   union <unnamed> volatile __io _A_MCUCR
   \                     _A_MCUCR:
   \   00000000                      DS8 1

   \                                 In  segment ABSOLUTE, at 0x54, root
   \   union <unnamed> volatile __io _A_MCUSR
   \                     _A_MCUSR:
   \   00000000                      DS8 1

   \                                 In  segment ABSOLUTE, at 0x53, root
   \   union <unnamed> volatile __io _A_SMCR
   \                     _A_SMCR:
   \   00000000                      DS8 1

   \                                 In  segment ABSOLUTE, at 0x50, root
   \   union <unnamed> volatile __io _A_ACSR
   \                     _A_ACSR:
   \   00000000                      DS8 1

   \                                 In  segment ABSOLUTE, at 0x4e, root
   \   union <unnamed> volatile __io _A_SPDR
   \                     _A_SPDR:
   \   00000000                      DS8 1

   \                                 In  segment ABSOLUTE, at 0x4d, root
   \   union <unnamed> volatile __io _A_SPSR
   \                     _A_SPSR:
   \   00000000                      DS8 1

   \                                 In  segment ABSOLUTE, at 0x4c, root
   \   union <unnamed> volatile __io _A_SPCR
   \                     _A_SPCR:
   \   00000000                      DS8 1

   \                                 In  segment ABSOLUTE, at 0x4b, root
   \   union <unnamed> volatile __io _A_GPIOR2
   \                     _A_GPIOR2:
   \   00000000                      DS8 1

   \                                 In  segment ABSOLUTE, at 0x4a, root
   \   union <unnamed> volatile __io _A_GPIOR1
   \                     _A_GPIOR1:
   \   00000000                      DS8 1

   \                                 In  segment ABSOLUTE, at 0x48, root
   \   union <unnamed> volatile __io _A_OCR0B
   \                     _A_OCR0B:
   \   00000000                      DS8 1

   \                                 In  segment ABSOLUTE, at 0x47, root
   \   union <unnamed> volatile __io _A_OCR0A
   \                     _A_OCR0A:
   \   00000000                      DS8 1

   \                                 In  segment ABSOLUTE, at 0x46, root
   \   union <unnamed> volatile __io _A_TCNT0
   \                     _A_TCNT0:
   \   00000000                      DS8 1

   \                                 In  segment ABSOLUTE, at 0x45, root
   \   union <unnamed> volatile __io _A_TCCR0B
   \                     _A_TCCR0B:
   \   00000000                      DS8 1

   \                                 In  segment ABSOLUTE, at 0x44, root
   \   union <unnamed> volatile __io _A_TCCR0A
   \                     _A_TCCR0A:
   \   00000000                      DS8 1

   \                                 In  segment ABSOLUTE, at 0x43, root
   \   union <unnamed> volatile __io _A_GTCCR
   \                     _A_GTCCR:
   \   00000000                      DS8 1

   \                                 In  segment ABSOLUTE, at 0x41, root
   \   union <unnamed> volatile __io _A_EEAR
   \                     _A_EEAR:
   \   00000000                      DS8 2

   \                                 In  segment ABSOLUTE, at 0x40, root
   \   union <unnamed> volatile __io _A_EEDR
   \                     _A_EEDR:
   \   00000000                      DS8 1

   \                                 In  segment ABSOLUTE, at 0x3f, root
   \   union <unnamed> volatile __io _A_EECR
   \                     _A_EECR:
   \   00000000                      DS8 1

   \                                 In  segment ABSOLUTE, at 0x3e, root
   \   union <unnamed> volatile __io _A_GPIOR0
   \                     _A_GPIOR0:
   \   00000000                      DS8 1

   \                                 In  segment ABSOLUTE, at 0x3d, root
   \   union <unnamed> volatile __io _A_EIMSK
   \                     _A_EIMSK:
   \   00000000                      DS8 1

   \                                 In  segment ABSOLUTE, at 0x3c, root
   \   union <unnamed> volatile __io _A_EIFR
   \                     _A_EIFR:
   \   00000000                      DS8 1

   \                                 In  segment ABSOLUTE, at 0x3b, root
   \   union <unnamed> volatile __io _A_PCIFR
   \                     _A_PCIFR:
   \   00000000                      DS8 1

   \                                 In  segment ABSOLUTE, at 0x37, root
   \   union <unnamed> volatile __io _A_TIFR2
   \                     _A_TIFR2:
   \   00000000                      DS8 1

   \                                 In  segment ABSOLUTE, at 0x36, root
   \   union <unnamed> volatile __io _A_TIFR1
   \                     _A_TIFR1:
   \   00000000                      DS8 1

   \                                 In  segment ABSOLUTE, at 0x35, root
   \   union <unnamed> volatile __io _A_TIFR0
   \                     _A_TIFR0:
   \   00000000                      DS8 1

   \                                 In  segment ABSOLUTE, at 0x2b, root
   \   union <unnamed> volatile __io _A_PORTD
   \                     _A_PORTD:
   \   00000000                      DS8 1

   \                                 In  segment ABSOLUTE, at 0x2a, root
   \   union <unnamed> volatile __io _A_DDRD
   \                     _A_DDRD:
   \   00000000                      DS8 1

   \                                 In  segment ABSOLUTE, at 0x29, root
   \   union <unnamed> volatile __io _A_PIND
   \                     _A_PIND:
   \   00000000                      DS8 1

   \                                 In  segment ABSOLUTE, at 0x28, root
   \   union <unnamed> volatile __io _A_PORTC
   \                     _A_PORTC:
   \   00000000                      DS8 1

   \                                 In  segment ABSOLUTE, at 0x27, root
   \   union <unnamed> volatile __io _A_DDRC
   \                     _A_DDRC:
   \   00000000                      DS8 1

   \                                 In  segment ABSOLUTE, at 0x26, root
   \   union <unnamed> volatile __io _A_PINC
   \                     _A_PINC:
   \   00000000                      DS8 1

   \                                 In  segment ABSOLUTE, at 0x25, root
   \   union <unnamed> volatile __io _A_PORTB
   \                     _A_PORTB:
   \   00000000                      DS8 1

   \                                 In  segment ABSOLUTE, at 0x24, root
   \   union <unnamed> volatile __io _A_DDRB
   \                     _A_DDRB:
   \   00000000                      DS8 1

   \                                 In  segment ABSOLUTE, at 0x23, root
   \   union <unnamed> volatile __io _A_PINB
   \                     _A_PINB:
   \   00000000                      DS8 1
     10          
     11          //-----------------------------------------------------------------------------------------------------

   \                                 In  segment CODE, align 2, keep-with-next
     12          CMeasurementChannel::CMeasurementChannel()
   \                     ??CMeasurementChannel:
     13          {
   \   00000000   ....               LDI     R18, LOW(??__vtbl)
   \   00000002   ....               LDI     R19, (??__vtbl) >> 8
   \   00000004   01F8               MOVW    R31:R30, R17:R16
   \   00000006   8321               STD     Z+1, R18
   \   00000008   8332               STD     Z+2, R19
     14              //ctor
     15          }
   \   0000000A   9508               RET
     16          
     17          //-----------------------------------------------------------------------------------------------------

   \                                 In  segment CODE, align 2, keep-with-next
     18          CMeasurementChannel::~CMeasurementChannel()
   \                     `?~CMeasurementChannel`:
     19          {
   \   00000000   ....               RCALL   ?PROLOGUE2_L09
   \   00000002   01C8               MOVW    R25:R24, R17:R16
   \   00000004   2F08               MOV     R16, R24
   \   00000006   2B09               OR      R16, R25
   \   00000008   F021               BREQ    `?~CMeasurementChannel_1`
   \   0000000A   FB20               BST     R18, 0
   \   0000000C   F416               BRTC    `?~CMeasurementChannel_1`
     20              //dtor
     21          }
   \   0000000E   018C               MOVW    R17:R16, R25:R24
   \   00000010   ....               RCALL   `??operator delete`
   \                     `?~CMeasurementChannel_1`:
   \   00000012   E0E2               LDI     R30, 2
   \   00000014   ....               RJMP    ?EPILOGUE_B2_L09
     22          
     23          //-----------------------------------------------------------------------------------------------------
     24          // Обработка блока данных от АЦП.

   \                                 In  segment CODE, align 2, keep-with-next
     25          uint8_t CMeasurementChannel::StatusCheck(uint16_t uiValue)
   \                     ??StatusCheck:
     26          {
   \   00000000   0198               MOVW    R19:R18, R17:R16
     27              uint8_t uiState = CMeasurementChannel::SHORT_CIRCUIT;
   \   00000002   E003               LDI     R16, 3
     28          
     29              if(uiValue < CMeasurementChannel::WB_LEVEL)
   \   00000004   3127               CPI     R18, 23
   \   00000006   E010               LDI     R17, 0
   \   00000008   0731               CPC     R19, R17
   \   0000000A   F410               BRCC    ??StatusCheck_1
     30              {
     31                  uiState = CMeasurementChannel::WIRE_BREAK;	// Определение кода состояния входа
   \   0000000C   E002               LDI     R16, 2
   \   0000000E   9508               RET
     32              }
     33              else if(uiValue < CMeasurementChannel::ON_LEVEL)
   \                     ??StatusCheck_1:
   \   00000010   382F               CPI     R18, 143
   \   00000012   E010               LDI     R17, 0
   \   00000014   0731               CPC     R19, R17
   \   00000016   F410               BRCC    ??StatusCheck_2
     34              {
     35                  uiState = CMeasurementChannel::ON;
   \   00000018   E001               LDI     R16, 1
   \   0000001A   9508               RET
     36              }
     37              else if(uiValue < CMeasurementChannel::OFF_LEVEL)
   \                     ??StatusCheck_2:
   \   0000001C   3A21               CPI     R18, 161
   \   0000001E   E010               LDI     R17, 0
   \   00000020   0731               CPC     R19, R17
   \   00000022   F028               BRCS    ??StatusCheck_3
     38              {
     39                  return;		// Попадание в мертвую зону
     40              }
     41              else if(uiValue < CMeasurementChannel::SC_LEVEL)
   \   00000024   322A               CPI     R18, 42
   \   00000026   E012               LDI     R17, 2
   \   00000028   0731               CPC     R19, R17
   \   0000002A   F408               BRCC    ??StatusCheck_3
     42              {
     43                  uiState = CMeasurementChannel::OFF;
   \   0000002C   E000               LDI     R16, 0
     44              }
     45          
     46          //    m_uiState = uiState;
     47          
     48          //    TDChannel *DCPtr = &CMeasurementChannel::DChannel[Index];
     49          //
     50          //    if(DCPtr->Current == uiState)
     51          //    {
     52          //        if(DCPtr->Counter != CMeasurementChannel::STOP_COUNT)
     53          //        {
     54          //            if((++DCPtr->Counter) >= CMeasurementChannel::DEBOUNCE_LEVELS)
     55          //            {
     56          //                DCPtr->uiState   = uiState;
     57          //                DCPtr->Counter = CMeasurementChannel::STOP_COUNT;
     58          //            }
     59          //        }
     60          //    }
     61          //    else
     62          //    {
     63          //        DCPtr->Current = uiState;
     64          //        DCPtr->Counter = 0;
     65          //    }
     66          //
     67              return uiState;
   \                     ??StatusCheck_3:
   \   0000002E   9508               RET
     68          };

   \                                 In  segment CODE, align 2, keep-with-next
   \   __version_3 CMeasurementChannel &CMeasurementChannel::new CMeasurementChannel()
   \                     `??new CMeasurementChannel`:
   \   00000000   E003               LDI     R16, 3
   \   00000002   E010               LDI     R17, 0
   \   00000004   ....               RCALL   `??operator new`
   \   00000006   2F20               MOV     R18, R16
   \   00000008   2B21               OR      R18, R17
   \   0000000A   F011               BREQ    `??new CMeasurementChannel_1`
   \   0000000C   ....               RCALL   ??CMeasurementChannel
   \   0000000E   9508               RET
   \                     `??new CMeasurementChannel_1`:
   \   00000010   E000               LDI     R16, 0
   \   00000012   E010               LDI     R17, 0
   \   00000014   9508               RET

   Maximum stack usage in bytes:

   CSTACK RSTACK Function
   ------ ------ --------
      0      2   CMeasurementChannel::CMeasurementChannel()
      0      2   CMeasurementChannel::StatusCheck(uint16_t)
      0      2   CMeasurementChannel::new CMeasurementChannel()
        0      2   -> CMeasurementChannel::CMeasurementChannel()
        0      2   -> operator new(unsigned int)
      2      2   CMeasurementChannel::~CMeasurementChannel()
        2      2   -> operator delete(void *)


   Segment part sizes:

   Bytes  Function/Label
   -----  --------------
      12  CMeasurementChannel::CMeasurementChannel()
      48  CMeasurementChannel::StatusCheck(uint16_t)
      22  CMeasurementChannel::new CMeasurementChannel()
      22  CMeasurementChannel::~CMeasurementChannel()
       1  _A_ACSR
       2  _A_ADC
       1  _A_ADCSRA
       1  _A_ADCSRB
       1  _A_ADMUX
       1  _A_ASSR
       1  _A_CLKPR
       1  _A_DDRB
       1  _A_DDRC
       1  _A_DDRD
       1  _A_DIDR0
       1  _A_DIDR1
       2  _A_EEAR
       1  _A_EECR
       1  _A_EEDR
       1  _A_EICRA
       1  _A_EIFR
       1  _A_EIMSK
       1  _A_GPIOR0
       1  _A_GPIOR1
       1  _A_GPIOR2
       1  _A_GTCCR
       2  _A_ICR1
       1  _A_MCUCR
       1  _A_MCUSR
       1  _A_OCR0A
       1  _A_OCR0B
       2  _A_OCR1A
       2  _A_OCR1B
       1  _A_OCR2A
       1  _A_OCR2B
       1  _A_OSCCAL
       1  _A_PCICR
       1  _A_PCIFR
       1  _A_PCMSK0
       1  _A_PCMSK1
       1  _A_PCMSK2
       1  _A_PINB
       1  _A_PINC
       1  _A_PIND
       1  _A_PORTB
       1  _A_PORTC
       1  _A_PORTD
       1  _A_PRR
       1  _A_SMCR
       2  _A_SP
       1  _A_SPCR
       1  _A_SPDR
       1  _A_SPMCSR
       1  _A_SPSR
       1  _A_SREG
       1  _A_TCCR0A
       1  _A_TCCR0B
       1  _A_TCCR1A
       1  _A_TCCR1B
       1  _A_TCCR1C
       1  _A_TCCR2A
       1  _A_TCCR2B
       1  _A_TCNT0
       2  _A_TCNT1
       1  _A_TCNT2
       1  _A_TIFR0
       1  _A_TIFR1
       1  _A_TIFR2
       1  _A_TIMSK0
       1  _A_TIMSK1
       1  _A_TIMSK2
       1  _A_TWAMR
       1  _A_TWAR
       1  _A_TWBR
       1  _A_TWCR
       1  _A_TWDR
       1  _A_TWSR
       2  _A_UBRR0
       1  _A_UCSR0A
       1  _A_UCSR0B
       1  _A_UCSR0C
       1  _A_UDR0
       1  _A_WDTCSR
       2  -- Other

 
  87 bytes in segment ABSOLUTE
 104 bytes in segment CODE
   2 bytes in segment NEAR_F
 
 104 bytes of CODE memory (+  2 bytes shared)
   0 bytes of DATA memory (+ 87 bytes shared)

Errors: none
Warnings: 1
